<?xml version="1.0" encoding="UTF-8"?>
<!-- Generated by org.testng.reporters.JUnitReportReporter -->
<testsuite skipped="0" hostname="Abhay-PC" name="com.qa.TestCases.LoginPageTest" tests="1" failures="0" timestamp="04 Dec 2020 14:11:15 GMT" time="1.223" errors="0">
  <testcase name="loginPageTest" time="1.223" classname="com.qa.TestCases.LoginPageTest"/>
</testsuite> <!-- com.qa.TestCases.LoginPageTest -->
